<?xml version="1.0" encoding="utf-8"?><testsuites name="pytest tests"><testsuite name="pytest" errors="0" failures="0" skipped="0" tests="20" time="4.307" timestamp="2026-05-11T22:56:53.043579+00:00" hostname="agent-env-2aa8391c-bfb8-4fea-9a7c-9c15e5f4d251"><testcase classname="backend.tests.backend_test.TestProduct" name="test_get_product" time="0.276" /><testcase classname="backend.tests.backend_test.TestProduct" name="test_update_product_requires_auth" time="0.144" /><testcase classname="backend.tests.backend_test.TestProduct" name="test_update_product_with_auth" time="0.730" /><testcase classname="backend.tests.backend_test.TestProduct" name="test_get_product_has_new_fields" time="0.124" /><testcase classname="backend.tests.backend_test.TestProduct" name="test_update_all_new_fields_persists" time="0.550" /><testcase classname="backend.tests.backend_test.TestAdminAuth" name="test_login_success" time="0.103" /><testcase classname="backend.tests.backend_test.TestAdminAuth" name="test_login_failure" time="0.148" /><testcase classname="backend.tests.backend_test.TestAdminAuth" name="test_verify_no_token" time="0.176" /><testcase classname="backend.tests.backend_test.TestAdminAuth" name="test_verify_with_token" time="0.125" /><testcase classname="backend.tests.backend_test.TestOrders" name="test_create_order_valid" time="0.205" /><testcase classname="backend.tests.backend_test.TestOrders" name="test_create_order_invalid_phone" time="0.101" /><testcase classname="backend.tests.backend_test.TestOrders" name="test_create_order_invalid_address" time="0.100" /><testcase classname="backend.tests.backend_test.TestOrders" name="test_list_orders_requires_auth" time="0.100" /><testcase classname="backend.tests.backend_test.TestOrders" name="test_update_status_transitions" time="0.320" /><testcase classname="backend.tests.backend_test.TestOrders" name="test_update_status_invalid" time="0.328" /><testcase classname="backend.tests.backend_test.TestOrders" name="test_update_status_unauth" time="0.103" /><testcase classname="backend.tests.backend_test.TestOrders" name="test_delete_order" time="0.216" /><testcase classname="backend.tests.backend_test.TestOrders" name="test_delete_unknown" time="0.129" /><testcase classname="backend.tests.backend_test.TestStats" name="test_stats_requires_auth" time="0.103" /><testcase classname="backend.tests.backend_test.TestStats" name="test_stats_shape" time="0.122" /></testsuite></testsuites>