<?xml version="1.0" encoding="utf-8"?><testsuites name="pytest tests"><testsuite name="pytest" errors="0" failures="0" skipped="0" tests="20" time="11.719" timestamp="2026-05-12T06:02:59.660860+00:00" hostname="agent-env-2aa8391c-bfb8-4fea-9a7c-9c15e5f4d251"><testcase classname="backend.tests.backend_test.TestProduct" name="test_get_product" time="0.370" /><testcase classname="backend.tests.backend_test.TestProduct" name="test_update_product_requires_auth" time="0.142" /><testcase classname="backend.tests.backend_test.TestProduct" name="test_update_product_with_auth" time="2.810" /><testcase classname="backend.tests.backend_test.TestProduct" name="test_get_product_has_new_fields" time="0.338" /><testcase classname="backend.tests.backend_test.TestProduct" name="test_update_all_new_fields_persists" time="2.269" /><testcase classname="backend.tests.backend_test.TestAdminAuth" name="test_login_success" time="0.110" /><testcase classname="backend.tests.backend_test.TestAdminAuth" name="test_login_failure" time="0.094" /><testcase classname="backend.tests.backend_test.TestAdminAuth" name="test_verify_no_token" time="0.150" /><testcase classname="backend.tests.backend_test.TestAdminAuth" name="test_verify_with_token" time="0.104" /><testcase classname="backend.tests.backend_test.TestOrders" name="test_create_order_valid" time="0.723" /><testcase classname="backend.tests.backend_test.TestOrders" name="test_create_order_invalid_phone" time="0.156" /><testcase classname="backend.tests.backend_test.TestOrders" name="test_create_order_invalid_address" time="0.099" /><testcase classname="backend.tests.backend_test.TestOrders" name="test_list_orders_requires_auth" time="0.103" /><testcase classname="backend.tests.backend_test.TestOrders" name="test_update_status_transitions" time="2.309" /><testcase classname="backend.tests.backend_test.TestOrders" name="test_update_status_invalid" time="0.134" /><testcase classname="backend.tests.backend_test.TestOrders" name="test_update_status_unauth" time="0.102" /><testcase classname="backend.tests.backend_test.TestOrders" name="test_delete_order" time="0.886" /><testcase classname="backend.tests.backend_test.TestOrders" name="test_delete_unknown" time="0.323" /><testcase classname="backend.tests.backend_test.TestStats" name="test_stats_requires_auth" time="0.096" /><testcase classname="backend.tests.backend_test.TestStats" name="test_stats_shape" time="0.309" /></testsuite></testsuites>